c:\users\usuario\desktop\sfml group\sfml template\debug\vc143.pdb
c:\users\usuario\desktop\sfml group\sfml template\debug\vc143.idb
c:\users\usuario\desktop\sfml group\sfml template\debug\statemachine.obj
c:\users\usuario\desktop\sfml group\sfml template\debug\splashstate.obj
c:\users\usuario\desktop\sfml group\sfml template\debug\sfml template.obj
c:\users\usuario\desktop\sfml group\sfml template\debug\pipe.obj
c:\users\usuario\desktop\sfml group\sfml template\debug\mainmenustate.obj
c:\users\usuario\desktop\sfml group\sfml template\debug\land.obj
c:\users\usuario\desktop\sfml group\sfml template\debug\inputmanager.obj
c:\users\usuario\desktop\sfml group\sfml template\debug\gamestate.obj
c:\users\usuario\desktop\sfml group\sfml template\debug\gameoverstate.obj
c:\users\usuario\desktop\sfml group\sfml template\debug\game.obj
c:\users\usuario\desktop\sfml group\sfml template\debug\collision.obj
c:\users\usuario\desktop\sfml group\sfml template\debug\bird.obj
c:\users\usuario\desktop\sfml group\sfml template\debug\assetmanager.obj
c:\users\usuario\desktop\sfml group\sfml template\debug\sfml template.ilk
c:\users\usuario\desktop\sfml group\sfml template\debug\sfml template.exe
c:\users\usuario\desktop\sfml group\sfml template\debug\sfml template.pdb
c:\users\usuario\desktop\sfml group\sfml template\debug\sfml template.tlog\cl.command.1.tlog
c:\users\usuario\desktop\sfml group\sfml template\debug\sfml template.tlog\cl.read.1.tlog
c:\users\usuario\desktop\sfml group\sfml template\debug\sfml template.tlog\cl.write.1.tlog
c:\users\usuario\desktop\sfml group\sfml template\debug\sfml template.tlog\link.command.1.tlog
c:\users\usuario\desktop\sfml group\sfml template\debug\sfml template.tlog\link.read.1.tlog
c:\users\usuario\desktop\sfml group\sfml template\debug\sfml template.tlog\link.write.1.tlog
